
> oasis-pos@0.1.0 dev
> next dev

▲ Next.js 16.2.1 (Turbopack)
- Local:         http://localhost:3000
- Network:       http://192.168.86.20:3000
- Environments: .env.local
✓ Ready in 323ms
⚠ Invalid next.config.ts options detected: 
⚠     Number must be greater than or equal to 30 at "experimental.staleTimes.static"
⚠     Unrecognized key(s) in object: 'api'
⚠ See more info here: https://nextjs.org/docs/messages/invalid-next-config
⚠ The "middleware" file convention is deprecated. Please use "proxy" instead. Learn more: https://nextjs.org/docs/messages/middleware-to-proxy
- Experiments (use with caution):
  · serverActions
  · staleTimes

 GET /checkout 200 in 845ms (next.js: 667ms, proxy.ts: 61ms, application-code: 118ms)
 GET /api/auth/me 200 in 468ms (next.js: 257ms, proxy.ts: 6ms, application-code: 205ms)
 GET /api/auth/me 200 in 134ms (next.js: 7ms, proxy.ts: 2ms, application-code: 125ms)
{"level":"warn","message":"No purchase limits configured","organizationId":"1ace6360-8eee-40be-9a6e-a91b95d611ce","locationId":"4c1e21ec-bf69-4559-b4ee-19b20caa26c9","timestamp":"2026-07-15T00:08:05.403Z"}
 GET /api/cart/config?location_id=4c1e21ec-bf69-4559-b4ee-19b20caa26c9 200 in 292ms (next.js: 106ms, proxy.ts: 4ms, application-code: 182ms)
 GET /api/auth/me 200 in 124ms (next.js: 11ms, proxy.ts: 2ms, application-code: 111ms)
{"level":"warn","message":"No purchase limits configured","organizationId":"1ace6360-8eee-40be-9a6e-a91b95d611ce","locationId":"4c1e21ec-bf69-4559-b4ee-19b20caa26c9","timestamp":"2026-07-15T00:08:05.650Z"}
 GET /api/cart/config?location_id=4c1e21ec-bf69-4559-b4ee-19b20caa26c9 200 in 98ms (next.js: 2ms, proxy.ts: 2ms, application-code: 94ms)
 GET /api/auth/me 200 in 111ms (next.js: 11ms, proxy.ts: 2ms, application-code: 97ms)
 GET /api/auth/me 200 in 127ms (next.js: 2ms, proxy.ts: 1735µs, application-code: 123ms)
 GET /api/categories 200 in 859ms (next.js: 745ms, proxy.ts: 3ms, application-code: 111ms)
 GET /api/biotrack/status 200 in 928ms (next.js: 717ms, proxy.ts: 5ms, application-code: 206ms)
 GET /api/auth/me 200 in 194ms (next.js: 7ms, proxy.ts: 2ms, application-code: 185ms)
 GET /api/employees?status=active 200 in 944ms (next.js: 832ms, proxy.ts: 2ms, application-code: 110ms)
 GET /api/products?limit=100&isActive=true 200 in 1043ms (next.js: 693ms, proxy.ts: 4ms, application-code: 346ms)
 GET /api/categories 200 in 188ms (next.js: 7ms, proxy.ts: 1850µs, application-code: 180ms)
 GET /api/auth/me 200 in 107ms (next.js: 2ms, proxy.ts: 1942µs, application-code: 103ms)
 GET /api/biotrack/status 200 in 217ms (next.js: 6ms, proxy.ts: 1853µs, application-code: 208ms)
 GET /api/auth/me 200 in 116ms (next.js: 12ms, proxy.ts: 1771µs, application-code: 103ms)
 GET /api/auth/me 200 in 139ms (next.js: 2ms, proxy.ts: 10ms, application-code: 126ms)
 GET /api/auth/me 200 in 96ms (next.js: 1992µs, proxy.ts: 1669µs, application-code: 93ms)
 GET /api/registers/3ade5f97-8a9e-42f7-8dc7-832c198b94f4 200 in 1056ms (next.js: 695ms, proxy.ts: 1937µs, application-code: 359ms)
 GET /api/registers/3ade5f97-8a9e-42f7-8dc7-832c198b94f4 200 in 373ms (next.js: 11ms, proxy.ts: 2ms, application-code: 360ms)
 GET /login 200 in 62ms (next.js: 33ms, proxy.ts: 1787µs, application-code: 27ms)
 GET /api/auth/me 200 in 192ms (next.js: 3ms, proxy.ts: 3ms, application-code: 186ms)
[browser] A tree hydrated but some attributes of the server rendered HTML didn't match the client properties. This won't be patched up. This can happen if a SSR-ed Client Component used:

- A server/client branch `if (typeof window !== 'undefined')`.
- Variable input such as `Date.now()` or `Math.random()` which changes each time it's called.
- Date formatting in a user's locale which doesn't match the server.
- External changing data without sending a snapshot of it along with the HTML.
- Invalid HTML tag nesting.

It can also happen if the client has a browser extension installed which messes with the HTML before React loaded.

https://react.dev/link/hydration-mismatch

  ...
    <RenderFromTemplateContext>
      <ScrollAndMaybeFocusHandler cacheNode={{rsc:{...}, ...}}>
        <InnerScrollAndFocusHandlerOld focusAndScrollRef={{scrollRef:null, ...}} cacheNode={{rsc:{...}, ...}}>
          <ErrorBoundary errorComponent={undefined} errorStyles={undefined} errorScripts={undefined}>
            <LoadingBoundary name="checkout/" loading={null}>
              <HTTPAccessFallbackBoundary notFound={undefined} forbidden={undefined} unauthorized={undefined}>
                <RedirectBoundary>
                  <RedirectErrorBoundary router={{...}}>
                    <InnerLayoutRouter url="/checkout" tree={[...]} params={{}} cacheNode={{rsc:{...}, ...}} ...>
                      <SegmentViewNode type="page" pagePath="(terminal)...">
                        <SegmentTrieNode>
                        <ClientPageRoot Component={function CheckoutPage} serverProvidedParams={{...}}>
                          <CheckoutPage params={Promise} searchParams={Promise}>
                            <TerminalLayout>
                              <div
+                               className="h-screen bg-gray-900 flex items-center justify-center"
-                               className="h-screen bg-bg flex items-center justify-center"
                              >
                                <div
+                                 className="w-6 h-6 border-2 border-gray-700 border-t-emerald-400 rounded-full animat..."
-                                 className="w-6 h-6 border-2 border-edge border-t-emerald-400 rounded-full animate-spin"
                                >
                      ...
                    ...
          ...
 
    at <unknown> (file://C:/Users/Kane(Don't delete C/Github Projects/OCC-POS/oasis-pos/.next/dev/static/chunks/node_modules_next_dist_compiled_react-dom_058-ah~._.js:3439:25)
    at runWithFiberInDEV (file://C:/Users/Kane(Don't delete C/Github Projects/OCC-POS/oasis-pos/.next/dev/static/chunks/node_modules_next_dist_compiled_react-dom_058-ah~._.js:965:74)
    at emitPendingHydrationWarnings (file://C:/Users/Kane(Don't delete C/Github Projects/OCC-POS/oasis-pos/.next/dev/static/chunks/node_modules_next_dist_compiled_react-dom_058-ah~._.js:3438:13)
    at completeWork (file://C:/Users/Kane(Don't delete C/Github Projects/OCC-POS/oasis-pos/.next/dev/static/chunks/node_modules_next_dist_compiled_react-dom_058-ah~._.js:6885:102)
    at runWithFiberInDEV (file://C:/Users/Kane(Don't delete C/Github Projects/OCC-POS/oasis-pos/.next/dev/static/chunks/node_modules_next_dist_compiled_react-dom_058-ah~._.js:965:131)
    at completeUnitOfWork (file://C:/Users/Kane(Don't delete C/Github Projects/OCC-POS/oasis-pos/.next/dev/static/chunks/node_modules_next_dist_compiled_react-dom_058-ah~._.js:9622:23)
    at performUnitOfWork (file://C:/Users/Kane(Don't delete C/Github Projects/OCC-POS/oasis-pos/.next/dev/static/chunks/node_modules_next_dist_compiled_react-dom_058-ah~._.js:9557:28)
    at workLoopConcurrentByScheduler (file://C:/Users/Kane(Don't delete C/Github Projects/OCC-POS/oasis-pos/.next/dev/static/chunks/node_modules_next_dist_compiled_react-dom_058-ah~._.js:9551:58)
    at renderRootConcurrent (file://C:/Users/Kane(Don't delete C/Github Projects/OCC-POS/oasis-pos/.next/dev/static/chunks/node_modules_next_dist_compiled_react-dom_058-ah~._.js:9534:71)
    at performWorkOnRoot (file://C:/Users/Kane(Don't delete C/Github Projects/OCC-POS/oasis-pos/.next/dev/static/chunks/node_modules_next_dist_compiled_react-dom_058-ah~._.js:9061:150)
    at performWorkOnRootViaSchedulerTask (file://C:/Users/Kane(Don't delete C/Github Projects/OCC-POS/oasis-pos/.next/dev/static/chunks/node_modules_next_dist_compiled_react-dom_058-ah~._.js:10255:9)
    at MessagePort.performWorkUntilDeadline (file://C:/Users/Kane(Don't delete C/Github Projects/OCC-POS/oasis-pos/.next/dev/static/chunks/node_modules_next_dist_compiled_0rpq4pf._.js:2647:64) (file://C:/Users/Kane(Don't delete C/Github Projects/OCC-POS/oasis-pos/.next/dev/static/chunks/node_modules_next_dist_compiled_react-dom_058-ah~._.js:3439:25)
 GET /api/auth/me 200 in 216ms (next.js: 5ms, proxy.ts: 3ms, application-code: 208ms)
 GET /api/biotrack/status 200 in 248ms (next.js: 9ms, proxy.ts: 1886µs, application-code: 237ms)
 GET /api/auth/me 200 in 202ms (next.js: 3ms, proxy.ts: 3ms, application-code: 196ms)
 GET /api/auth/me 200 in 298ms (next.js: 4ms, proxy.ts: 2ms, application-code: 292ms)
 GET /api/biotrack/status 200 in 335ms (next.js: 8ms, proxy.ts: 1936µs, application-code: 325ms)
 GET /api/auth/me 200 in 200ms (next.js: 3ms, proxy.ts: 2ms, application-code: 194ms)
 GET /api/auth/me 200 in 215ms (next.js: 4ms, proxy.ts: 6ms, application-code: 206ms)
 GET /api/biotrack/status 200 in 246ms (next.js: 8ms, proxy.ts: 5ms, application-code: 232ms)
 GET /api/auth/me 200 in 231ms (next.js: 2ms, proxy.ts: 3ms, application-code: 226ms)
 GET /api/auth/me 200 in 211ms (next.js: 3ms, proxy.ts: 2ms, application-code: 206ms)
 GET /api/biotrack/status 200 in 235ms (next.js: 7ms, proxy.ts: 1817µs, application-code: 226ms)
 GET /api/auth/me 200 in 190ms (next.js: 3ms, proxy.ts: 1688µs, application-code: 186ms)
 GET /api/auth/me 200 in 229ms (next.js: 7ms, proxy.ts: 1200µs, application-code: 221ms)
 GET /api/biotrack/status 200 in 256ms (next.js: 4ms, proxy.ts: 3ms, application-code: 250ms)
 GET /api/auth/me 200 in 191ms (next.js: 3ms, proxy.ts: 2ms, application-code: 186ms)
 GET /api/auth/me 200 in 202ms (next.js: 3ms, proxy.ts: 3ms, application-code: 197ms)
 GET /api/biotrack/status 200 in 280ms (next.js: 8ms, proxy.ts: 1939µs, application-code: 270ms)
 GET /api/auth/me 200 in 197ms (next.js: 2ms, proxy.ts: 2ms, application-code: 192ms)
 GET /checkout 200 in 34ms (next.js: 4ms, proxy.ts: 5ms, application-code: 25ms)
[browser] A tree hydrated but some attributes of the server rendered HTML didn't match the client properties. This won't be patched up. This can happen if a SSR-ed Client Component used:

- A server/client branch `if (typeof window !== 'undefined')`.
- Variable input such as `Date.now()` or `Math.random()` which changes each time it's called.
- Date formatting in a user's locale which doesn't match the server.
- External changing data without sending a snapshot of it along with the HTML.
- Invalid HTML tag nesting.

It can also happen if the client has a browser extension installed which messes with the HTML before React loaded.

https://react.dev/link/hydration-mismatch

  ...
    <RenderFromTemplateContext>
      <ScrollAndMaybeFocusHandler cacheNode={{rsc:{...}, ...}}>
        <InnerScrollAndFocusHandlerOld focusAndScrollRef={{scrollRef:null, ...}} cacheNode={{rsc:{...}, ...}}>
          <ErrorBoundary errorComponent={undefined} errorStyles={undefined} errorScripts={undefined}>
            <LoadingBoundary name="checkout/" loading={null}>
              <HTTPAccessFallbackBoundary notFound={undefined} forbidden={undefined} unauthorized={undefined}>
                <RedirectBoundary>
                  <RedirectErrorBoundary router={{...}}>
                    <InnerLayoutRouter url="/checkout" tree={[...]} params={{}} cacheNode={{rsc:{...}, ...}} ...>
                      <SegmentViewNode type="page" pagePath="(terminal)...">
                        <SegmentTrieNode>
                        <ClientPageRoot Component={function CheckoutPage} serverProvidedParams={{...}}>
                          <CheckoutPage params={Promise} searchParams={Promise}>
                            <TerminalLayout>
                              <div
+                               className="h-screen bg-gray-900 flex items-center justify-center"
-                               className="h-screen bg-bg flex items-center justify-center"
                              >
                                <div
+                                 className="w-6 h-6 border-2 border-gray-700 border-t-emerald-400 rounded-full animat..."
-                                 className="w-6 h-6 border-2 border-edge border-t-emerald-400 rounded-full animate-spin"
                                >
                      ...
                    ...
          ...
 
    at <unknown> (file://C:/Users/Kane(Don't delete C/Github Projects/OCC-POS/oasis-pos/.next/dev/static/chunks/node_modules_next_dist_compiled_react-dom_058-ah~._.js:3439:25)
    at runWithFiberInDEV (file://C:/Users/Kane(Don't delete C/Github Projects/OCC-POS/oasis-pos/.next/dev/static/chunks/node_modules_next_dist_compiled_react-dom_058-ah~._.js:965:74)
    at emitPendingHydrationWarnings (file://C:/Users/Kane(Don't delete C/Github Projects/OCC-POS/oasis-pos/.next/dev/static/chunks/node_modules_next_dist_compiled_react-dom_058-ah~._.js:3438:13)
    at completeWork (file://C:/Users/Kane(Don't delete C/Github Projects/OCC-POS/oasis-pos/.next/dev/static/chunks/node_modules_next_dist_compiled_react-dom_058-ah~._.js:6885:102)
    at runWithFiberInDEV (file://C:/Users/Kane(Don't delete C/Github Projects/OCC-POS/oasis-pos/.next/dev/static/chunks/node_modules_next_dist_compiled_react-dom_058-ah~._.js:965:131)
    at completeUnitOfWork (file://C:/Users/Kane(Don't delete C/Github Projects/OCC-POS/oasis-pos/.next/dev/static/chunks/node_modules_next_dist_compiled_react-dom_058-ah~._.js:9622:23)
    at performUnitOfWork (file://C:/Users/Kane(Don't delete C/Github Projects/OCC-POS/oasis-pos/.next/dev/static/chunks/node_modules_next_dist_compiled_react-dom_058-ah~._.js:9557:28)
    at workLoopConcurrentByScheduler (file://C:/Users/Kane(Don't delete C/Github Projects/OCC-POS/oasis-pos/.next/dev/static/chunks/node_modules_next_dist_compiled_react-dom_058-ah~._.js:9551:58)
    at renderRootConcurrent (file://C:/Users/Kane(Don't delete C/Github Projects/OCC-POS/oasis-pos/.next/dev/static/chunks/node_modules_next_dist_compiled_react-dom_058-ah~._.js:9534:71)
    at performWorkOnRoot (file://C:/Users/Kane(Don't delete C/Github Projects/OCC-POS/oasis-pos/.next/dev/static/chunks/node_modules_next_dist_compiled_react-dom_058-ah~._.js:9061:150)
    at performWorkOnRootViaSchedulerTask (file://C:/Users/Kane(Don't delete C/Github Projects/OCC-POS/oasis-pos/.next/dev/static/chunks/node_modules_next_dist_compiled_react-dom_058-ah~._.js:10255:9)
    at MessagePort.performWorkUntilDeadline (file://C:/Users/Kane(Don't delete C/Github Projects/OCC-POS/oasis-pos/.next/dev/static/chunks/node_modules_next_dist_compiled_0rpq4pf._.js:2647:64) (file://C:/Users/Kane(Don't delete C/Github Projects/OCC-POS/oasis-pos/.next/dev/static/chunks/node_modules_next_dist_compiled_react-dom_058-ah~._.js:3439:25)
 GET /api/auth/me 200 in 130ms (next.js: 7ms, proxy.ts: 4ms, application-code: 119ms)
 GET /api/auth/me 200 in 128ms (next.js: 3ms, proxy.ts: 1704µs, application-code: 123ms)
 GET /api/categories 200 in 236ms (next.js: 13ms, proxy.ts: 3ms, application-code: 219ms)
 GET /api/auth/me 200 in 172ms (next.js: 4ms, proxy.ts: 3ms, application-code: 165ms)
 GET /api/biotrack/status 200 in 293ms (next.js: 16ms, proxy.ts: 2ms, application-code: 275ms)
{"level":"warn","message":"No purchase limits configured","organizationId":"1ace6360-8eee-40be-9a6e-a91b95d611ce","locationId":"4c1e21ec-bf69-4559-b4ee-19b20caa26c9","timestamp":"2026-07-15T00:14:39.550Z"}
 GET /api/cart/config?location_id=4c1e21ec-bf69-4559-b4ee-19b20caa26c9 200 in 306ms (next.js: 23ms, proxy.ts: 4ms, application-code: 279ms)
 GET /api/employees?status=active 200 in 321ms (next.js: 32ms, proxy.ts: 5ms, application-code: 283ms)
 GET /api/categories 200 in 119ms (next.js: 2ms, proxy.ts: 2ms, application-code: 114ms)
 GET /api/auth/me 200 in 100ms (next.js: 3ms, proxy.ts: 2ms, application-code: 95ms)
{"level":"warn","message":"No purchase limits configured","organizationId":"1ace6360-8eee-40be-9a6e-a91b95d611ce","locationId":"4c1e21ec-bf69-4559-b4ee-19b20caa26c9","timestamp":"2026-07-15T00:14:39.659Z"}
 GET /api/cart/config?location_id=4c1e21ec-bf69-4559-b4ee-19b20caa26c9 200 in 106ms (next.js: 5ms, proxy.ts: 4ms, application-code: 98ms)
 GET /api/products?limit=100&isActive=true 200 in 482ms (next.js: 18ms, proxy.ts: 4ms, application-code: 460ms)
 GET /api/auth/me 200 in 106ms (next.js: 3ms, proxy.ts: 2ms, application-code: 101ms)
 GET /api/biotrack/status 200 in 234ms (next.js: 2ms, proxy.ts: 3ms, application-code: 228ms)
 GET /api/auth/me 200 in 120ms (next.js: 3ms, proxy.ts: 2ms, application-code: 115ms)
 GET /api/auth/me 200 in 106ms (next.js: 2ms, proxy.ts: 1542µs, application-code: 103ms)
 GET /api/auth/me 200 in 106ms (next.js: 2ms, proxy.ts: 1489µs, application-code: 102ms)
 GET /api/auth/me 200 in 102ms (next.js: 2ms, proxy.ts: 1456µs, application-code: 98ms)
 GET /api/auth/me 200 in 108ms (next.js: 3ms, proxy.ts: 1888µs, application-code: 104ms)
 GET /api/registers/3ade5f97-8a9e-42f7-8dc7-832c198b94f4 200 in 382ms (next.js: 10ms, proxy.ts: 1737µs, application-code: 371ms)
 GET /api/registers/3ade5f97-8a9e-42f7-8dc7-832c198b94f4 200 in 369ms (next.js: 4ms, proxy.ts: 2ms, application-code: 363ms)
 GET /login 200 in 28ms (next.js: 3ms, proxy.ts: 1588µs, application-code: 23ms)
 GET /api/auth/locations 200 in 200ms (next.js: 30ms, proxy.ts: 1844µs, application-code: 168ms)
{"level":"info","message":"Employee logged in","employeeId":"8c2e5988-a19d-4109-823d-4f870fc77935","locationId":"4c1e21ec-bf69-4559-b4ee-19b20caa26c9","role":"owner","timestamp":"2026-07-15T00:14:51.471Z"}
 POST /api/auth/pin-login 200 in 520ms (next.js: 35ms, proxy.ts: 3ms, application-code: 483ms)
 GET /api/registers?location_id=4c1e21ec-bf69-4559-b4ee-19b20caa26c9 200 in 125ms (next.js: 23ms, proxy.ts: 1513µs, application-code: 101ms)
{"level":"info","message":"Employee logged in","employeeId":"8c2e5988-a19d-4109-823d-4f870fc77935","locationId":"4c1e21ec-bf69-4559-b4ee-19b20caa26c9","role":"owner","timestamp":"2026-07-15T00:14:53.134Z"}
 POST /api/auth/pin-login 200 in 452ms (next.js: 2ms, proxy.ts: 3ms, application-code: 447ms)
 GET /checkout 200 in 19ms (next.js: 4ms, proxy.ts: 3ms, application-code: 12ms)
 GET /api/auth/me 200 in 28ms (next.js: 2ms, proxy.ts: 2ms, application-code: 24ms)
 GET /api/auth/me 200 in 127ms (next.js: 6ms, proxy.ts: 3ms, application-code: 119ms)
 GET / 200 in 101ms (next.js: 58ms, proxy.ts: 2ms, application-code: 41ms)
 GET /login 200 in 99ms (next.js: 4ms, proxy.ts: 2ms, application-code: 93ms)
 GET /checkout 200 in 100ms (next.js: 24ms, proxy.ts: 3ms, application-code: 72ms)
 GET /api/auth/me 200 in 102ms (next.js: 3ms, proxy.ts: 1564µs, application-code: 98ms)
 GET /api/categories 200 in 242ms (next.js: 10ms, proxy.ts: 2ms, application-code: 230ms)
 GET /api/biotrack/status 200 in 296ms (next.js: 9ms, proxy.ts: 6ms, application-code: 280ms)
 GET /api/auth/me 200 in 109ms (next.js: 2ms, proxy.ts: 3ms, application-code: 104ms)
 GET /api/employees?status=active 200 in 205ms (next.js: 15ms, proxy.ts: 1555µs, application-code: 188ms)
{"level":"warn","message":"No purchase limits configured","organizationId":"1ace6360-8eee-40be-9a6e-a91b95d611ce","locationId":"4c1e21ec-bf69-4559-b4ee-19b20caa26c9","timestamp":"2026-07-15T00:14:53.566Z"}
 GET /api/cart/config?location_id=4c1e21ec-bf69-4559-b4ee-19b20caa26c9 200 in 217ms (next.js: 13ms, proxy.ts: 1649µs, application-code: 203ms)
 GET /api/categories 200 in 114ms (next.js: 2ms, proxy.ts: 1290µs, application-code: 111ms)
{"level":"warn","message":"No purchase limits configured","organizationId":"1ace6360-8eee-40be-9a6e-a91b95d611ce","locationId":"4c1e21ec-bf69-4559-b4ee-19b20caa26c9","timestamp":"2026-07-15T00:14:53.671Z"}
 GET /api/cart/config?location_id=4c1e21ec-bf69-4559-b4ee-19b20caa26c9 200 in 103ms (next.js: 4ms, proxy.ts: 1952µs, application-code: 98ms)
 GET /api/auth/me 200 in 142ms (next.js: 2ms, proxy.ts: 1593µs, application-code: 138ms)
 GET /api/products?limit=100&isActive=true 200 in 351ms (next.js: 6ms, proxy.ts: 1867µs, application-code: 344ms)
 GET /api/biotrack/status 200 in 213ms (next.js: 3ms, proxy.ts: 1447µs, application-code: 209ms)
 GET /api/auth/me 200 in 101ms (next.js: 2ms, proxy.ts: 1786µs, application-code: 97ms)
 GET /api/auth/me 200 in 120ms (next.js: 2ms, proxy.ts: 1588µs, application-code: 116ms)
 GET /api/registers/3ade5f97-8a9e-42f7-8dc7-832c198b94f4 200 in 398ms (next.js: 19ms, proxy.ts: 1642µs, application-code: 378ms)
 GET /api/registers/3ade5f97-8a9e-42f7-8dc7-832c198b94f4 200 in 376ms (next.js: 4ms, proxy.ts: 1574µs, application-code: 370ms)
 GET /dashboard 200 in 73ms (next.js: 26ms, proxy.ts: 2ms, application-code: 45ms)
 GET /api/auth/me 200 in 114ms (next.js: 2ms, proxy.ts: 2ms, application-code: 109ms)
 GET /api/auth/locations 200 in 91ms (next.js: 5ms, proxy.ts: 2ms, application-code: 84ms)
 GET /api/auth/me 200 in 106ms (next.js: 9ms, proxy.ts: 2ms, application-code: 95ms)
 GET /api/auth/locations 200 in 93ms (next.js: 2ms, proxy.ts: 1683µs, application-code: 89ms)
 GET /api/auth/me 200 in 98ms (next.js: 1950µs, proxy.ts: 1350µs, application-code: 95ms)
 GET /api/dashboard?date=2026-07-15 200 in 3.0s (next.js: 31ms, proxy.ts: 1450µs, application-code: 3.0s)
[browser] The width(-1) and height(-1) of chart should be greater than 0,
       please check the style of container, or the props width(100%) and height(100%),
       or add a minWidth(0) or minHeight(undefined) or use aspect(undefined) to control the
       height and width. (file://C:/Users/Kane(Don't delete C/Github Projects/OCC-POS/oasis-pos/.next/dev/static/chunks/node_modules_next_dist_115brz8._.js:2431:13)
[browser] The width(-1) and height(-1) of chart should be greater than 0,
       please check the style of container, or the props width(100%) and height(100%),
       or add a minWidth(0) or minHeight(undefined) or use aspect(undefined) to control the
       height and width. (file://C:/Users/Kane(Don't delete C/Github Projects/OCC-POS/oasis-pos/.next/dev/static/chunks/node_modules_next_dist_115brz8._.js:2431:13)
 GET /api/dashboard?date=2026-07-15 200 in 1546ms (next.js: 2ms, proxy.ts: 1516µs, application-code: 1542ms)
 GET /inventory 200 in 37ms (next.js: 22ms, proxy.ts: 2ms, application-code: 12ms)
 GET /api/brands 200 in 176ms (next.js: 49ms, proxy.ts: 5ms, application-code: 121ms)
 GET /api/vendors 200 in 179ms (next.js: 70ms, proxy.ts: 5ms, application-code: 105ms)
 GET /api/rooms 200 in 233ms (next.js: 25ms, proxy.ts: 4ms, application-code: 204ms)
 GET /api/rooms 200 in 237ms (next.js: 32ms, proxy.ts: 5ms, application-code: 200ms)
 GET /api/categories 200 in 268ms (next.js: 4ms, proxy.ts: 5ms, application-code: 259ms)
 GET /api/brands 200 in 268ms (next.js: 51ms, proxy.ts: 4ms, application-code: 212ms)
 GET /api/categories 200 in 103ms (next.js: 2ms, proxy.ts: 1818µs, application-code: 99ms)
 GET /api/vendors 200 in 181ms (next.js: 3ms, proxy.ts: 1672µs, application-code: 176ms)
 GET /api/inventory?page=1&per_page=50&sort_by=received_at&sort_dir=desc 200 in 172ms (next.js: 23ms, proxy.ts: 1849µs, application-code: 147ms)
 GET /api/inventory?page=1&per_page=50&sort_by=received_at&sort_dir=desc 200 in 174ms (next.js: 19ms, proxy.ts: 2ms, application-code: 154ms)
 GET /dashboard 200 in 17ms (next.js: 4ms, proxy.ts: 2ms, application-code: 11ms)
 GET /api/dashboard?date=2026-07-15 200 in 1522ms (next.js: 3ms, proxy.ts: 1703µs, application-code: 1517ms)
[browser] The width(-1) and height(-1) of chart should be greater than 0,
       please check the style of container, or the props width(100%) and height(100%),
       or add a minWidth(0) or minHeight(undefined) or use aspect(undefined) to control the
       height and width. (file://C:/Users/Kane(Don't delete C/Github Projects/OCC-POS/oasis-pos/.next/dev/static/chunks/node_modules_next_dist_115brz8._.js:2431:13)
[browser] The width(-1) and height(-1) of chart should be greater than 0,
       please check the style of container, or the props width(100%) and height(100%),
       or add a minWidth(0) or minHeight(undefined) or use aspect(undefined) to control the
       height and width. (file://C:/Users/Kane(Don't delete C/Github Projects/OCC-POS/oasis-pos/.next/dev/static/chunks/node_modules_next_dist_115brz8._.js:2431:13)
 GET /api/dashboard?date=2026-07-15 200 in 1511ms (next.js: 2ms, proxy.ts: 1531µs, application-code: 1507ms)
 GET /api/auth/me 200 in 178ms (next.js: 3ms, proxy.ts: 3ms, application-code: 172ms)
 GET /settings/dutchie 200 in 41ms (next.js: 25ms, proxy.ts: 2ms, application-code: 13ms)
 GET /api/dutchie/sync/log?limit=20 200 in 238ms (next.js: 57ms, proxy.ts: 3ms, application-code: 178ms)
 GET /api/settings/dutchie-config 200 in 246ms (next.js: 27ms, proxy.ts: 4ms, application-code: 215ms)
 GET /api/dutchie/sync/log?limit=20 200 in 249ms (next.js: 61ms, proxy.ts: 3ms, application-code: 185ms)
 GET /api/settings/dutchie-config 200 in 250ms (next.js: 31ms, proxy.ts: 3ms, application-code: 216ms)
{"level":"info","message":"Dutchie request","path":"/whoami","status":200,"ms":291,"timestamp":"2026-07-15T00:15:23.109Z"}
{"level":"info","message":"Dutchie connection test success","locationId":"4c1e21ec-bf69-4559-b4ee-19b20caa26c9","dutchieLocationName":"Oasis - Coors retail","dutchieLocationId":1292,"timestamp":"2026-07-15T00:15:23.213Z"}
 POST /api/settings/dutchie-config/test-connection 200 in 827ms (next.js: 252ms, proxy.ts: 3ms, application-code: 572ms)
 GET /api/settings/dutchie-config 200 in 167ms (next.js: 2ms, proxy.ts: 1719µs, application-code: 163ms)
 GET /api/auth/me 200 in 173ms (next.js: 8ms, proxy.ts: 1855µs, application-code: 163ms)
 GET /api/biotrack/status 200 in 213ms (next.js: 4ms, proxy.ts: 2ms, application-code: 206ms)
{"level":"info","message":"Dutchie request","path":"/whoami","status":200,"ms":141,"timestamp":"2026-07-15T00:15:49.406Z"}
{"level":"info","message":"Dutchie whoami result","locationName":"Oasis - Coors retail","locationId":1292,"companyName":"","valid":true,"oasisLocationId":"4c1e21ec-bf69-4559-b4ee-19b20caa26c9","timestamp":"2026-07-15T00:15:49.406Z"}
{"level":"info","message":"Dutchie request","path":"/brand","status":200,"ms":127,"timestamp":"2026-07-15T00:15:49.777Z"}
{"level":"info","message":"Dutchie request","path":"/strains","status":200,"ms":194,"timestamp":"2026-07-15T00:15:50.349Z"}
{"level":"info","message":"Dutchie request","path":"/vendor/vendors","status":200,"ms":90,"timestamp":"2026-07-15T00:15:52.033Z"}
{"level":"info","message":"Dutchie request","path":"/product-category","status":200,"ms":86,"timestamp":"2026-07-15T00:15:52.305Z"}
{"level":"info","message":"Dutchie request","path":"/tag","status":200,"ms":77,"timestamp":"2026-07-15T00:15:52.559Z"}
{"level":"info","message":"Dutchie request","path":"/pricing-tiers","status":200,"ms":99,"timestamp":"2026-07-15T00:15:52.658Z"}
{"level":"info","message":"syncReferenceData complete","locationId":"4c1e21ec-bf69-4559-b4ee-19b20caa26c9","entityType":"reference","syncType":"full","fetched":4411,"created":0,"updated":4379,"skipped":32,"errored":0,"errors":[],"durationMs":3618,"timestamp":"2026-07-15T00:15:53.111Z"}
{"level":"info","message":"Dutchie request","path":"/room/rooms","status":200,"ms":83,"timestamp":"2026-07-15T00:15:53.470Z"}
{"level":"info","message":"syncRooms complete","locationId":"4c1e21ec-bf69-4559-b4ee-19b20caa26c9","entityType":"rooms","syncType":"full","fetched":15,"created":0,"updated":15,"skipped":0,"errored":0,"errors":[],"durationMs":812,"timestamp":"2026-07-15T00:15:54.011Z"}
{"level":"info","message":"Dutchie request","path":"/terminals","status":200,"ms":88,"timestamp":"2026-07-15T00:15:54.456Z"}
{"level":"error","message":"Batch upsert record quarantined","table":"registers","key":"4c1e21ec-bf69-4559-b4ee-19b20caa26c9|Check-in Desk","error":"null value in column \"is_active\" of relation \"registers\" violates not-null constraint","timestamp":"2026-07-15T00:15:55.077Z"}
{"level":"error","message":"Batch upsert record quarantined","table":"registers","key":"4c1e21ec-bf69-4559-b4ee-19b20caa26c9|Register 01","error":"null value in column \"is_active\" of relation \"registers\" violates not-null constraint","timestamp":"2026-07-15T00:15:55.077Z"}
{"level":"error","message":"Batch upsert record quarantined","table":"registers","key":"4c1e21ec-bf69-4559-b4ee-19b20caa26c9|Register 02","error":"null value in column \"is_active\" of relation \"registers\" violates not-null constraint","timestamp":"2026-07-15T00:15:55.077Z"}
{"level":"error","message":"Batch upsert record quarantined","table":"registers","key":"4c1e21ec-bf69-4559-b4ee-19b20caa26c9|Register 03","error":"null value in column \"is_active\" of relation \"registers\" violates not-null constraint","timestamp":"2026-07-15T00:15:55.078Z"}
{"level":"error","message":"Batch upsert record quarantined","table":"registers","key":"4c1e21ec-bf69-4559-b4ee-19b20caa26c9|Register 04","error":"null value in column \"is_active\" of relation \"registers\" violates not-null constraint","timestamp":"2026-07-15T00:15:55.078Z"}
{"level":"error","message":"Batch upsert record quarantined","table":"registers","key":"4c1e21ec-bf69-4559-b4ee-19b20caa26c9|Register 05","error":"null value in column \"is_active\" of relation \"registers\" violates not-null constraint","timestamp":"2026-07-15T00:15:55.078Z"}
{"level":"error","message":"Batch upsert record quarantined","table":"registers","key":"4c1e21ec-bf69-4559-b4ee-19b20caa26c9|Register 06","error":"null value in column \"is_active\" of relation \"registers\" violates not-null constraint","timestamp":"2026-07-15T00:15:55.078Z"}
{"level":"error","message":"Batch upsert record quarantined","table":"registers","key":"4c1e21ec-bf69-4559-b4ee-19b20caa26c9|Register 07","error":"null value in column \"is_active\" of relation \"registers\" violates not-null constraint","timestamp":"2026-07-15T00:15:55.078Z"}
{"level":"error","message":"Batch upsert record quarantined","table":"registers","key":"4c1e21ec-bf69-4559-b4ee-19b20caa26c9|Register 08","error":"null value in column \"is_active\" of relation \"registers\" violates not-null constraint","timestamp":"2026-07-15T00:15:55.078Z"}
{"level":"error","message":"Batch upsert record quarantined","table":"registers","key":"4c1e21ec-bf69-4559-b4ee-19b20caa26c9|Register 09","error":"null value in column \"is_active\" of relation \"registers\" violates not-null constraint","timestamp":"2026-07-15T00:15:55.078Z"}
{"level":"error","message":"Batch upsert record quarantined","table":"registers","key":"4c1e21ec-bf69-4559-b4ee-19b20caa26c9|Register 10","error":"null value in column \"is_active\" of relation \"registers\" violates not-null constraint","timestamp":"2026-07-15T00:15:55.078Z"}
{"level":"error","message":"Batch upsert record quarantined","table":"registers","key":"4c1e21ec-bf69-4559-b4ee-19b20caa26c9|Register 11","error":"null value in column \"is_active\" of relation \"registers\" violates not-null constraint","timestamp":"2026-07-15T00:15:55.078Z"}
{"level":"error","message":"Batch upsert record quarantined","table":"registers","key":"4c1e21ec-bf69-4559-b4ee-19b20caa26c9|SAFE/VAULT","error":"null value in column \"is_active\" of relation \"registers\" violates not-null constraint","timestamp":"2026-07-15T00:15:55.078Z"}
{"level":"info","message":"syncRegisters complete","locationId":"4c1e21ec-bf69-4559-b4ee-19b20caa26c9","entityType":"registers","syncType":"full","fetched":13,"created":0,"updated":0,"skipped":0,"errored":13,"errors":["registers record 4c1e21ec-bf69-4559-b4ee-19b20caa26c9|Check-in Desk: null value in column \"is_active\" of relation \"registers\" violates not-null constraint","registers record 4c1e21ec-bf69-4559-b4ee-19b20caa26c9|Register 01: null value in column \"is_active\" of relation \"registers\" violates not-null constraint","registers record 4c1e21ec-bf69-4559-b4ee-19b20caa26c9|Register 02: null value in column \"is_active\" of relation \"registers\" violates not-null constraint","registers record 4c1e21ec-bf69-4559-b4ee-19b20caa26c9|Register 03: null value in column \"is_active\" of relation \"registers\" violates not-null constraint","registers record 4c1e21ec-bf69-4559-b4ee-19b20caa26c9|Register 04: null value in column \"is_active\" of relation \"registers\" violates not-null constraint","registers record 4c1e21ec-bf69-4559-b4ee-19b20caa26c9|Register 05: null value in column \"is_active\" of relation \"registers\" violates not-null constraint","registers record 4c1e21ec-bf69-4559-b4ee-19b20caa26c9|Register 06: null value in column \"is_active\" of relation \"registers\" violates not-null constraint","registers record 4c1e21ec-bf69-4559-b4ee-19b20caa26c9|Register 07: null value in column \"is_active\" of relation \"registers\" violates not-null constraint","registers record 4c1e21ec-bf69-4559-b4ee-19b20caa26c9|Register 08: null value in column \"is_active\" of relation \"registers\" violates not-null constraint","registers record 4c1e21ec-bf69-4559-b4ee-19b20caa26c9|Register 09: null value in column \"is_active\" of relation \"registers\" violates not-null constraint","registers record 4c1e21ec-bf69-4559-b4ee-19b20caa26c9|Register 10: null value in column \"is_active\" of relation \"registers\" violates not-null constraint","registers record 4c1e21ec-bf69-4559-b4ee-19b20caa26c9|Register 11: null value in column \"is_active\" of relation \"registers\" violates not-null constraint","registers record 4c1e21ec-bf69-4559-b4ee-19b20caa26c9|SAFE/VAULT: null value in column \"is_active\" of relation \"registers\" violates not-null constraint"],"durationMs":1157,"timestamp":"2026-07-15T00:15:55.260Z"}
{"level":"info","message":"Dutchie request","path":"/employees","status":200,"ms":125,"timestamp":"2026-07-15T00:15:55.561Z"}
{"level":"info","message":"Dutchie employees fetched","total":2084,"timestamp":"2026-07-15T00:15:55.561Z"}
{"level":"info","message":"syncEmployees complete","locationId":"4c1e21ec-bf69-4559-b4ee-19b20caa26c9","entityType":"employees","syncType":"incremental","fetched":2084,"created":0,"updated":591,"skipped":1493,"errored":0,"errors":[],"durationMs":1097,"timestamp":"2026-07-15T00:15:56.440Z"}
{"level":"info","message":"Dutchie request","path":"/products","status":200,"ms":1922,"timestamp":"2026-07-15T00:15:58.692Z"}
{"level":"info","message":"Dutchie products fetched","total":20827,"mode":"single","timestamp":"2026-07-15T00:15:58.693Z"}
 GET /api/auth/me 200 in 106ms (next.js: 3ms, proxy.ts: 2ms, application-code: 101ms)
{"level":"info","message":"syncProducts complete","locationId":"4c1e21ec-bf69-4559-b4ee-19b20caa26c9","entityType":"products","syncType":"full","fetched":20827,"created":0,"updated":41654,"skipped":0,"errored":0,"errors":[],"durationMs":28346,"timestamp":"2026-07-15T00:16:24.873Z"}
{"level":"info","message":"Dutchie request","path":"/customer/customers-paginated","status":200,"ms":345,"timestamp":"2026-07-15T00:16:25.583Z"}
{"level":"info","message":"Dutchie request","path":"/customer/customers-paginated","status":200,"ms":211,"timestamp":"2026-07-15T00:16:25.795Z"}
{"level":"info","message":"Dutchie request","path":"/customer/customers-paginated","status":200,"ms":206,"timestamp":"2026-07-15T00:16:26.001Z"}
{"level":"info","message":"Dutchie request","path":"/customer/customers-paginated","status":200,"ms":215,"timestamp":"2026-07-15T00:16:26.216Z"}
{"level":"info","message":"Dutchie request","path":"/customer/customers-paginated","status":200,"ms":225,"timestamp":"2026-07-15T00:16:26.441Z"}
{"level":"info","message":"Dutchie request","path":"/customer/customers-paginated","status":200,"ms":217,"timestamp":"2026-07-15T00:16:26.659Z"}
{"level":"info","message":"Dutchie request","path":"/customer/customers-paginated","status":200,"ms":209,"timestamp":"2026-07-15T00:16:26.869Z"}
{"level":"info","message":"Dutchie request","path":"/customer/customers-paginated","status":200,"ms":212,"timestamp":"2026-07-15T00:16:27.081Z"}
{"level":"info","message":"Dutchie request","path":"/customer/customers-paginated","status":200,"ms":208,"timestamp":"2026-07-15T00:16:27.290Z"}
{"level":"info","message":"Dutchie request","path":"/customer/customers-paginated","status":200,"ms":215,"timestamp":"2026-07-15T00:16:27.505Z"}
{"level":"info","message":"Dutchie request","path":"/customer/customers-paginated","status":200,"ms":223,"timestamp":"2026-07-15T00:16:27.728Z"}
{"level":"info","message":"Dutchie request","path":"/customer/customers-paginated","status":200,"ms":216,"timestamp":"2026-07-15T00:16:27.945Z"}
{"level":"info","message":"Dutchie request","path":"/customer/customers-paginated","status":200,"ms":213,"timestamp":"2026-07-15T00:16:28.159Z"}
{"level":"info","message":"Dutchie request","path":"/customer/customers-paginated","status":200,"ms":224,"timestamp":"2026-07-15T00:16:28.383Z"}
{"level":"info","message":"Dutchie request","path":"/customer/customers-paginated","status":200,"ms":219,"timestamp":"2026-07-15T00:16:28.602Z"}
{"level":"info","message":"Dutchie request","path":"/customer/customers-paginated","status":200,"ms":221,"timestamp":"2026-07-15T00:16:28.824Z"}
{"level":"info","message":"Dutchie request","path":"/customer/customers-paginated","status":200,"ms":224,"timestamp":"2026-07-15T00:16:29.048Z"}
{"level":"info","message":"Dutchie request","path":"/customer/customers-paginated","status":200,"ms":467,"timestamp":"2026-07-15T00:16:29.516Z"}
{"level":"info","message":"Dutchie request","path":"/customer/customers-paginated","status":200,"ms":353,"timestamp":"2026-07-15T00:16:29.870Z"}
{"level":"info","message":"Dutchie request","path":"/customer/customers-paginated","status":200,"ms":214,"timestamp":"2026-07-15T00:16:30.085Z"}
{"level":"info","message":"Dutchie request","path":"/customer/customers-paginated","status":200,"ms":213,"timestamp":"2026-07-15T00:16:30.298Z"}
{"level":"info","message":"Dutchie request","path":"/customer/customers-paginated","status":200,"ms":229,"timestamp":"2026-07-15T00:16:30.527Z"}
{"level":"info","message":"Dutchie request","path":"/customer/customers-paginated","status":200,"ms":226,"timestamp":"2026-07-15T00:16:30.754Z"}
{"level":"info","message":"Dutchie request","path":"/customer/customers-paginated","status":200,"ms":228,"timestamp":"2026-07-15T00:16:30.982Z"}
{"level":"info","message":"Dutchie request","path":"/customer/customers-paginated","status":200,"ms":250,"timestamp":"2026-07-15T00:16:31.233Z"}
{"level":"info","message":"Dutchie request","path":"/customer/customers-paginated","status":200,"ms":253,"timestamp":"2026-07-15T00:16:31.486Z"}
{"level":"info","message":"Dutchie request","path":"/customer/customers-paginated","status":200,"ms":263,"timestamp":"2026-07-15T00:16:31.750Z"}
{"level":"info","message":"Dutchie request","path":"/customer/customers-paginated","status":200,"ms":327,"timestamp":"2026-07-15T00:16:32.077Z"}
{"level":"info","message":"Dutchie request","path":"/customer/customers-paginated","status":200,"ms":246,"timestamp":"2026-07-15T00:16:32.324Z"}
{"level":"info","message":"Dutchie request","path":"/customer/customers-paginated","status":200,"ms":326,"timestamp":"2026-07-15T00:16:32.651Z"}
{"level":"info","message":"Dutchie request","path":"/customer/customers-paginated","status":200,"ms":256,"timestamp":"2026-07-15T00:16:32.907Z"}
{"level":"info","message":"Dutchie request","path":"/customer/customers-paginated","status":200,"ms":329,"timestamp":"2026-07-15T00:16:33.236Z"}
{"level":"info","message":"Dutchie request","path":"/customer/customers-paginated","status":200,"ms":344,"timestamp":"2026-07-15T00:16:33.580Z"}
{"level":"info","message":"Dutchie request","path":"/customer/customers-paginated","status":200,"ms":279,"timestamp":"2026-07-15T00:16:33.859Z"}
{"level":"info","message":"Dutchie request","path":"/customer/customers-paginated","status":200,"ms":292,"timestamp":"2026-07-15T00:16:34.151Z"}
{"level":"info","message":"Dutchie request","path":"/customer/customers-paginated","status":200,"ms":262,"timestamp":"2026-07-15T00:16:34.413Z"}
{"level":"info","message":"Dutchie request","path":"/customer/customers-paginated","status":200,"ms":293,"timestamp":"2026-07-15T00:16:34.707Z"}
{"level":"info","message":"Dutchie request","path":"/customer/customers-paginated","status":200,"ms":436,"timestamp":"2026-07-15T00:16:35.144Z"}
{"level":"info","message":"Dutchie request","path":"/customer/customers-paginated","status":200,"ms":287,"timestamp":"2026-07-15T00:16:35.431Z"}
{"level":"info","message":"Dutchie request","path":"/customer/customers-paginated","status":200,"ms":277,"timestamp":"2026-07-15T00:16:35.708Z"}
{"level":"info","message":"Dutchie request","path":"/customer/customers-paginated","status":200,"ms":356,"timestamp":"2026-07-15T00:16:36.064Z"}
{"level":"info","message":"Dutchie request","path":"/customer/customers-paginated","status":200,"ms":329,"timestamp":"2026-07-15T00:16:36.394Z"}
{"level":"info","message":"Dutchie request","path":"/customer/customers-paginated","status":200,"ms":228,"timestamp":"2026-07-15T00:16:36.622Z"}
{"level":"info","message":"Dutchie request","path":"/customer/customers-paginated","status":200,"ms":251,"timestamp":"2026-07-15T00:16:36.874Z"}
{"level":"info","message":"Dutchie request","path":"/customer/customers-paginated","status":200,"ms":232,"timestamp":"2026-07-15T00:16:37.106Z"}
{"level":"info","message":"Dutchie request","path":"/customer/customers-paginated","status":200,"ms":272,"timestamp":"2026-07-15T00:16:37.379Z"}
{"level":"info","message":"Dutchie request","path":"/customer/customers-paginated","status":200,"ms":243,"timestamp":"2026-07-15T00:16:37.623Z"}
{"level":"info","message":"Dutchie request","path":"/customer/customers-paginated","status":200,"ms":286,"timestamp":"2026-07-15T00:16:37.909Z"}
{"level":"info","message":"Dutchie request","path":"/customer/customers-paginated","status":200,"ms":282,"timestamp":"2026-07-15T00:16:38.191Z"}
{"level":"info","message":"Dutchie request","path":"/customer/customers-paginated","status":200,"ms":354,"timestamp":"2026-07-15T00:16:38.545Z"}
{"level":"info","message":"Dutchie request","path":"/customer/customers-paginated","status":200,"ms":257,"timestamp":"2026-07-15T00:16:38.802Z"}
{"level":"info","message":"Dutchie request","path":"/customer/customers-paginated","status":200,"ms":292,"timestamp":"2026-07-15T00:16:39.095Z"}
{"level":"info","message":"Dutchie request","path":"/customer/customers-paginated","status":200,"ms":328,"timestamp":"2026-07-15T00:16:39.423Z"}
 GET /api/auth/me 200 in 245ms (next.js: 7ms, proxy.ts: 3ms, application-code: 235ms)
 GET /api/biotrack/status 200 in 303ms (next.js: 3ms, proxy.ts: 4ms, application-code: 296ms)
{"level":"info","message":"Dutchie request","path":"/customer/customers-paginated","status":200,"ms":335,"timestamp":"2026-07-15T00:16:39.758Z"}
{"level":"info","message":"Dutchie request","path":"/customer/customers-paginated","status":200,"ms":355,"timestamp":"2026-07-15T00:16:40.114Z"}
{"level":"info","message":"Dutchie request","path":"/customer/customers-paginated","status":200,"ms":260,"timestamp":"2026-07-15T00:16:40.374Z"}
{"level":"info","message":"Dutchie request","path":"/customer/customers-paginated","status":200,"ms":320,"timestamp":"2026-07-15T00:16:40.695Z"}
{"level":"info","message":"Dutchie request","path":"/customer/customers-paginated","status":200,"ms":292,"timestamp":"2026-07-15T00:16:40.988Z"}
{"level":"info","message":"Dutchie request","path":"/customer/customers-paginated","status":200,"ms":265,"timestamp":"2026-07-15T00:16:41.253Z"}
{"level":"info","message":"Dutchie request","path":"/customer/customers-paginated","status":200,"ms":250,"timestamp":"2026-07-15T00:16:41.504Z"}
{"level":"info","message":"Dutchie request","path":"/customer/customers-paginated","status":200,"ms":242,"timestamp":"2026-07-15T00:16:41.746Z"}
{"level":"info","message":"Dutchie request","path":"/customer/customers-paginated","status":200,"ms":311,"timestamp":"2026-07-15T00:16:42.057Z"}
{"level":"info","message":"Dutchie request","path":"/customer/customers-paginated","status":200,"ms":351,"timestamp":"2026-07-15T00:16:42.408Z"}
{"level":"info","message":"Dutchie request","path":"/customer/customers-paginated","status":200,"ms":355,"timestamp":"2026-07-15T00:16:42.764Z"}
{"level":"info","message":"Dutchie request","path":"/customer/customers-paginated","status":200,"ms":340,"timestamp":"2026-07-15T00:16:43.104Z"}
{"level":"info","message":"Dutchie paged fetch complete","path":"/customer/customers-paginated","total":64999,"timestamp":"2026-07-15T00:16:43.105Z"}
 GET /api/auth/me 200 in 157ms (next.js: 3ms, proxy.ts: 2ms, application-code: 152ms)
{"level":"info","message":"syncCustomers complete","locationId":"4c1e21ec-bf69-4559-b4ee-19b20caa26c9","entityType":"customers","syncType":"incremental","fetched":64999,"created":0,"updated":64998,"skipped":1,"errored":0,"errors":[],"durationMs":52715,"timestamp":"2026-07-15T00:17:17.676Z"}
{"level":"info","message":"Dutchie request","path":"/reporting/inventory","status":200,"ms":1227,"timestamp":"2026-07-15T00:17:19.173Z"}
{"level":"info","message":"Dutchie inventory fetch complete","total":3129,"timestamp":"2026-07-15T00:17:19.173Z"}
{"level":"info","message":"Inventory product map built","mapSize":20827,"timestamp":"2026-07-15T00:17:22.494Z"}
{"level":"info","message":"syncInventory complete","locationId":"4c1e21ec-bf69-4559-b4ee-19b20caa26c9","entityType":"inventory","syncType":"full","fetched":3129,"created":0,"updated":3745,"skipped":10,"errored":0,"errors":[],"durationMs":7653,"timestamp":"2026-07-15T00:17:25.428Z"}
{"level":"info","message":"syncTransactions date range","startDate":"2026-04-02","endDate":"2026-05-27","timestamp":"2026-07-15T00:17:25.817Z"}
{"level":"info","message":"Dutchie request","path":"/reporting/transactions","status":200,"ms":11538,"timestamp":"2026-07-15T00:17:37.355Z"}
{"level":"info","message":"Dutchie transactions fetch complete","total":22258,"timestamp":"2026-07-15T00:17:37.355Z"}
 GET /api/auth/me 200 in 193ms (next.js: 4ms, proxy.ts: 3ms, application-code: 186ms)
 GET /api/biotrack/status 200 in 311ms (next.js: 8ms, proxy.ts: 2ms, application-code: 301ms)
 GET /api/auth/me 200 in 98ms (next.js: 3ms, proxy.ts: 2ms, application-code: 93ms)
 GET /api/auth/me 200 in 215ms (next.js: 4ms, proxy.ts: 3ms, application-code: 208ms)
 GET /api/biotrack/status 200 in 273ms (next.js: 7ms, proxy.ts: 3ms, application-code: 263ms)
 GET /settings 200 in 560ms (next.js: 530ms, proxy.ts: 3ms, application-code: 27ms)
 GET /api/auth/me 200 in 180ms (next.js: 3ms, proxy.ts: 1853µs, application-code: 175ms)
 GET /api/auth/locations 200 in 100ms (next.js: 3ms, proxy.ts: 2ms, application-code: 95ms)
 GET /api/auth/me 200 in 189ms (next.js: 7ms, proxy.ts: 1826µs, application-code: 180ms)
 GET /api/auth/locations 200 in 99ms (next.js: 3ms, proxy.ts: 1533µs, application-code: 95ms)
 GET /api/auth/me 200 in 97ms (next.js: 2ms, proxy.ts: 1505µs, application-code: 94ms)
 GET /api/auth/me 200 in 176ms (next.js: 3ms, proxy.ts: 2ms, application-code: 171ms)
{"level":"info","message":"syncTransactions date range","startDate":"2026-05-27","endDate":"2026-07-16","timestamp":"2026-07-15T00:19:22.162Z"}
{"level":"info","message":"Dutchie request","path":"/reporting/transactions","status":200,"ms":8887,"timestamp":"2026-07-15T00:19:31.049Z"}
{"level":"info","message":"Dutchie transactions fetch complete","total":19097,"timestamp":"2026-07-15T00:19:31.050Z"}
 GET /api/biotrack/status 200 in 263ms (next.js: 10ms, proxy.ts: 3ms, application-code: 250ms)
 GET /api/auth/me 200 in 266ms (next.js: 6ms, proxy.ts: 4ms, application-code: 256ms)
 GET /api/auth/me 200 in 228ms (next.js: 3ms, proxy.ts: 5ms, application-code: 220ms)
 GET /api/biotrack/status 200 in 215ms (next.js: 3ms, proxy.ts: 3ms, application-code: 209ms)
{"level":"info","message":"syncTransactions complete","locationId":"4c1e21ec-bf69-4559-b4ee-19b20caa26c9","completedAllWindows":true,"entityType":"transactions","syncType":"incremental","fetched":41355,"created":0,"updated":41355,"skipped":0,"errored":0,"errors":[],"durationMs":225612,"timestamp":"2026-07-15T00:21:11.138Z"}
{"level":"info","message":"Dutchie loyalty snapshot fetched","total":108730,"timestamp":"2026-07-15T00:21:12.957Z"}
 GET /api/auth/me 200 in 117ms (next.js: 3ms, proxy.ts: 3ms, application-code: 111ms)
 GET /dashboard 200 in 23ms (next.js: 9ms, proxy.ts: 3ms, application-code: 11ms)
 GET /api/dashboard?date=2026-07-15 200 in 2.2s (next.js: 2ms, proxy.ts: 1644µs, application-code: 2.2s)
[browser] The width(-1) and height(-1) of chart should be greater than 0,
       please check the style of container, or the props width(100%) and height(100%),
       or add a minWidth(0) or minHeight(undefined) or use aspect(undefined) to control the
       height and width. (file://C:/Users/Kane(Don't delete C/Github Projects/OCC-POS/oasis-pos/.next/dev/static/chunks/node_modules_next_dist_115brz8._.js:2431:13)
[browser] The width(-1) and height(-1) of chart should be greater than 0,
       please check the style of container, or the props width(100%) and height(100%),
       or add a minWidth(0) or minHeight(undefined) or use aspect(undefined) to control the
       height and width. (file://C:/Users/Kane(Don't delete C/Github Projects/OCC-POS/oasis-pos/.next/dev/static/chunks/node_modules_next_dist_115brz8._.js:2431:13)
 GET /api/dashboard?date=2026-07-15 200 in 1543ms (next.js: 3ms, proxy.ts: 2ms, application-code: 1538ms)
 GET /marketing/loyalty 200 in 41ms (next.js: 25ms, proxy.ts: 1757µs, application-code: 14ms)
 GET /api/loyalty/config 200 in 136ms (next.js: 20ms, proxy.ts: 4ms, application-code: 112ms)
 GET /api/loyalty/tiers 200 in 218ms (next.js: 40ms, proxy.ts: 3ms, application-code: 175ms)
 GET /api/loyalty/config 200 in 100ms (next.js: 2ms, proxy.ts: 1579µs, application-code: 96ms)
 GET /api/loyalty/tiers 200 in 100ms (next.js: 2ms, proxy.ts: 1403µs, application-code: 97ms)
 GET /api/auth/me 200 in 120ms (next.js: 8ms, proxy.ts: 2ms, application-code: 110ms)
 GET /api/biotrack/status 200 in 174ms (next.js: 3ms, proxy.ts: 3ms, application-code: 168ms)
 GET /customers 200 in 43ms (next.js: 28ms, proxy.ts: 3ms, application-code: 12ms)
 GET /api/customer-groups 200 in 187ms (next.js: 28ms, proxy.ts: 3ms, application-code: 156ms)
 GET /api/customer-groups 200 in 199ms (next.js: 23ms, proxy.ts: 4ms, application-code: 172ms)
 GET /api/customers?page=1&per_page=50&sort_by=created_at&sort_dir=desc 200 in 691ms (next.js: 52ms, proxy.ts: 3ms, application-code: 636ms)
 GET /api/customers?page=1&per_page=50&sort_by=created_at&sort_dir=desc 200 in 690ms (next.js: 58ms, proxy.ts: 1911µs, application-code: 631ms)
{"level":"info","message":"Dutchie sync complete","locationId":"4c1e21ec-bf69-4559-b4ee-19b20caa26c9","entityTypes":["reference","rooms","registers","employees","products","customers","inventory","transactions","loyalty"],"duration":410449,"errorCount":13,"timestamp":"2026-07-15T00:22:39.856Z"}
 POST /api/dutchie/sync 200 in 6.8min (next.js: 32ms, proxy.ts: 2ms, application-code: 6.8min)
 GET /api/settings/dutchie-config 200 in 169ms (next.js: 3ms, proxy.ts: 2ms, application-code: 164ms)
 GET /api/dutchie/sync/log?limit=20 200 in 177ms (next.js: 6ms, proxy.ts: 1729µs, application-code: 169ms)
 GET /api/auth/me 200 in 405ms (next.js: 3ms, proxy.ts: 3ms, application-code: 399ms)
 GET /api/biotrack/status 200 in 455ms (next.js: 7ms, proxy.ts: 2ms, application-code: 446ms)
 GET /api/customers?page=2&per_page=50&sort_by=created_at&sort_dir=desc 200 in 421ms (next.js: 3ms, proxy.ts: 1707µs, application-code: 416ms)
 GET /api/biotrack/status 200 in 270ms (next.js: 4ms, proxy.ts: 1866µs, application-code: 264ms)
 GET /api/auth/me 200 in 335ms (next.js: 4ms, proxy.ts: 8ms, application-code: 323ms)
 GET /api/customers?page=3&per_page=50&sort_by=created_at&sort_dir=desc 200 in 515ms (next.js: 3ms, proxy.ts: 1876µs, application-code: 510ms)
 GET /api/auth/me 200 in 222ms (next.js: 4ms, proxy.ts: 3ms, application-code: 215ms)
 GET /api/biotrack/status 200 in 317ms (next.js: 10ms, proxy.ts: 2ms, application-code: 305ms)
 GET /api/auth/me 200 in 207ms (next.js: 6ms, proxy.ts: 2ms, application-code: 198ms)
 GET /api/biotrack/status 200 in 264ms (next.js: 3ms, proxy.ts: 3ms, application-code: 258ms)
 GET /api/auth/me 200 in 310ms (next.js: 4ms, proxy.ts: 2ms, application-code: 304ms)
 GET /api/biotrack/status 200 in 319ms (next.js: 7ms, proxy.ts: 2ms, application-code: 309ms)
 GET /api/auth/me 200 in 222ms (next.js: 7ms, proxy.ts: 2ms, application-code: 213ms)
 GET /api/biotrack/status 200 in 260ms (next.js: 3ms, proxy.ts: 2ms, application-code: 255ms)
 GET /api/auth/me 200 in 204ms (next.js: 3ms, proxy.ts: 2ms, application-code: 198ms)
 GET /api/biotrack/status 200 in 256ms (next.js: 7ms, proxy.ts: 1992µs, application-code: 247ms)
{"level":"warn","message":"No purchase limits configured","organizationId":"1ace6360-8eee-40be-9a6e-a91b95d611ce","locationId":"4c1e21ec-bf69-4559-b4ee-19b20caa26c9","timestamp":"2026-07-15T00:29:39.545Z"}
 GET /api/cart/config?location_id=4c1e21ec-bf69-4559-b4ee-19b20caa26c9 200 in 267ms (next.js: 10ms, proxy.ts: 2ms, application-code: 255ms)
 GET /api/employees?status=active 200 in 281ms (next.js: 13ms, proxy.ts: 2ms, application-code: 265ms)
 GET /api/products?limit=100&isActive=true 200 in 526ms (next.js: 4ms, proxy.ts: 3ms, application-code: 519ms)
 GET /api/auth/me 200 in 193ms (next.js: 7ms, proxy.ts: 2ms, application-code: 184ms)
 GET /api/biotrack/status 200 in 252ms (next.js: 3ms, proxy.ts: 3ms, application-code: 246ms)
 GET /api/auth/me 200 in 202ms (next.js: 3ms, proxy.ts: 3ms, application-code: 196ms)
 GET /api/biotrack/status 200 in 255ms (next.js: 7ms, proxy.ts: 2ms, application-code: 246ms)
 GET /api/auth/me 200 in 259ms (next.js: 4ms, proxy.ts: 1986µs, application-code: 253ms)
 GET /api/biotrack/status 200 in 320ms (next.js: 7ms, proxy.ts: 1419µs, application-code: 311ms)
 GET /api/auth/me 200 in 213ms (next.js: 3ms, proxy.ts: 2ms, application-code: 207ms)
 GET /api/biotrack/status 200 in 258ms (next.js: 8ms, proxy.ts: 1828µs, application-code: 249ms)
 GET /api/auth/me 200 in 307ms (next.js: 4ms, proxy.ts: 4ms, application-code: 299ms)
 GET /api/biotrack/status 200 in 429ms (next.js: 9ms, proxy.ts: 4ms, application-code: 416ms)
 GET /api/auth/me 200 in 205ms (next.js: 4ms, proxy.ts: 2ms, application-code: 198ms)
 GET /api/biotrack/status 200 in 267ms (next.js: 8ms, proxy.ts: 2ms, application-code: 257ms)
 GET /api/biotrack/status 200 in 272ms (next.js: 8ms, proxy.ts: 2ms, application-code: 262ms)
 GET /api/auth/me 200 in 280ms (next.js: 3ms, proxy.ts: 3ms, application-code: 273ms)
 GET /settings/appearance 200 in 41ms (next.js: 24ms, proxy.ts: 3ms, application-code: 15ms)
 GET /dashboard 200 in 15ms (next.js: 3ms, proxy.ts: 2ms, application-code: 10ms)
 GET /api/dashboard?date=2026-07-15 200 in 3.9s (next.js: 2ms, proxy.ts: 1901µs, application-code: 3.9s)
[browser] The width(-1) and height(-1) of chart should be greater than 0,
       please check the style of container, or the props width(100%) and height(100%),
       or add a minWidth(0) or minHeight(undefined) or use aspect(undefined) to control the
       height and width. (file://C:/Users/Kane(Don't delete C/Github Projects/OCC-POS/oasis-pos/.next/dev/static/chunks/node_modules_next_dist_115brz8._.js:2431:13)
[browser] The width(-1) and height(-1) of chart should be greater than 0,
       please check the style of container, or the props width(100%) and height(100%),
       or add a minWidth(0) or minHeight(undefined) or use aspect(undefined) to control the
       height and width. (file://C:/Users/Kane(Don't delete C/Github Projects/OCC-POS/oasis-pos/.next/dev/static/chunks/node_modules_next_dist_115brz8._.js:2431:13)
 GET /api/dashboard?date=2026-07-15 200 in 1493ms (next.js: 2ms, proxy.ts: 2ms, application-code: 1488ms)
 GET /settings/locations 200 in 43ms (next.js: 28ms, proxy.ts: 2ms, application-code: 13ms)
 GET /api/auth/locations 200 in 196ms (next.js: 3ms, proxy.ts: 2ms, application-code: 191ms)
 GET /api/auth/locations 200 in 99ms (next.js: 2ms, proxy.ts: 1706µs, application-code: 95ms)
 GET /settings/locations/4c1e21ec-bf69-4559-b4ee-19b20caa26c9/settings 200 in 440ms (next.js: 414ms, proxy.ts: 2ms, application-code: 23ms)
 GET /api/locations/4c1e21ec-bf69-4559-b4ee-19b20caa26c9/settings 200 in 869ms (next.js: 572ms, proxy.ts: 1727µs, application-code: 296ms)
 GET /api/locations/4c1e21ec-bf69-4559-b4ee-19b20caa26c9/settings 200 in 201ms (next.js: 13ms, proxy.ts: 1513µs, application-code: 186ms)
 GET /dashboard 200 in 20ms (next.js: 4ms, proxy.ts: 3ms, application-code: 13ms)
 GET /api/dashboard?date=2026-07-15 200 in 5.0s (next.js: 2ms, proxy.ts: 1938µs, application-code: 5.0s)
 GET /api/dashboard?date=2026-07-15 200 in 1562ms (next.js: 3ms, proxy.ts: 3ms, application-code: 1556ms)
 GET /api/dashboard?date=2026-07-15 200 in 1655ms (next.js: 3ms, proxy.ts: 3ms, application-code: 1650ms)
 GET /api/dashboard?date=2026-07-15 200 in 1603ms (next.js: 2ms, proxy.ts: 2ms, application-code: 1598ms)
 GET /api/dashboard?date=2026-07-15 200 in 1580ms (next.js: 2ms, proxy.ts: 2ms, application-code: 1575ms)
